# JRE version: OpenJDK Runtime Environment (11.0.10) (build 11.0.10+0-b96-7249189)
# Java VM: OpenJDK 64-Bit Server VM (11.0.10+0-b96-7249189, mixed mode, tiered, compressed oops, g1 gc, windows-amd64)
Heap:
 garbage-first heap   total 262144K, used 206438K [0x0000000080000000, 0x0000000100000000)
  region size 1024K, 104 young (106496K), 11 survivors (11264K)
 Metaspace       used 95495K, capacity 97775K, committed 98124K, reserved 1134592K
  class space    used 12430K, capacity 13287K, committed 13388K, reserved 1048576K
GC Heap History (20 events):
Event: 7.658 GC heap before
{Heap before GC invocations=5 (full 0):
 garbage-first heap   total 262144K, used 90810K [0x0000000080000000, 0x0000000100000000)
  region size 1024K, 80 young (81920K), 8 survivors (8192K)
 Metaspace       used 27662K, capacity 28308K, committed 28544K, reserved 1073152K
  class space    used 3669K, capacity 3929K, committed 3968K, reserved 1048576K
}
Event: 7.669 GC heap after
{Heap after GC invocations=6 (full 0):
 garbage-first heap   total 262144K, used 19697K [0x0000000080000000, 0x0000000100000000)
  region size 1024K, 6 young (6144K), 6 survivors (6144K)
 Metaspace       used 27662K, capacity 28308K, committed 28544K, reserved 1073152K
  class space    used 3669K, capacity 3929K, committed 3968K, reserved 1048576K
}
Event: 9.341 GC heap before
{Heap before GC invocations=6 (full 0):
 garbage-first heap   total 262144K, used 56561K [0x0000000080000000, 0x0000000100000000)
  region size 1024K, 44 young (45056K), 6 survivors (6144K)
 Metaspace       used 35050K, capacity 35834K, committed 35840K, reserved 1081344K
  class space    used 4541K, capacity 4864K, committed 4864K, reserved 1048576K
}
Event: 9.356 GC heap after
{Heap after GC invocations=7 (full 0):
 garbage-first heap   total 262144K, used 22839K [0x0000000080000000, 0x0000000100000000)
  region size 1024K, 9 young (9216K), 9 survivors (9216K)
 Metaspace       used 35050K, capacity 35834K, committed 35840K, reserved 1081344K
  class space    used 4541K, capacity 4864K, committed 4864K, reserved 1048576K
}
Event: 12.600 GC heap before
{Heap before GC invocations=8 (full 0):
 garbage-first heap   total 262144K, used 135479K [0x0000000080000000, 0x0000000100000000)
  region size 1024K, 116 young (118784K), 9 survivors (9216K)
 Metaspace       used 43904K, capacity 44971K, committed 45260K, reserved 1089536K
  class space    used 5631K, capacity 6002K, committed 6092K, reserved 1048576K
}
Event: 12.626 GC heap after
{Heap after GC invocations=9 (full 0):
 garbage-first heap   total 262144K, used 29549K [0x0000000080000000, 0x0000000100000000)
  region size 1024K, 13 young (13312K), 13 survivors (13312K)
 Metaspace       used 43904K, capacity 44971K, committed 45260K, reserved 1089536K
  class space    used 5631K, capacity 6002K, committed 6092K, reserved 1048576K
}
Event: 16.113 GC heap before
{Heap before GC invocations=9 (full 0):
 garbage-first heap   total 262144K, used 164717K [0x0000000080000000, 0x0000000100000000)
  region size 1024K, 138 young (141312K), 13 survivors (13312K)
 Metaspace       used 54946K, capacity 56333K, committed 56396K, reserved 1097728K
  class space    used 6959K, capacity 7466K, committed 7500K, reserved 1048576K
}
Event: 16.143 GC heap after
{Heap after GC invocations=10 (full 0):
 garbage-first heap   total 262144K, used 48232K [0x0000000080000000, 0x0000000100000000)
  region size 1024K, 18 young (18432K), 18 survivors (18432K)
 Metaspace       used 54946K, capacity 56333K, committed 56396K, reserved 1097728K
  class space    used 6959K, capacity 7466K, committed 7500K, reserved 1048576K
}
Event: 16.942 GC heap before
{Heap before GC invocations=10 (full 0):
 garbage-first heap   total 262144K, used 70760K [0x0000000080000000, 0x0000000100000000)
  region size 1024K, 41 young (41984K), 18 survivors (18432K)
 Metaspace       used 58646K, capacity 60129K, committed 60236K, reserved 1101824K
  class space    used 7402K, capacity 7917K, committed 8012K, reserved 1048576K
}
Event: 16.979 GC heap after
{Heap after GC invocations=11 (full 0):
 garbage-first heap   total 262144K, used 50571K [0x0000000080000000, 0x0000000100000000)
  region size 1024K, 2 young (2048K), 2 survivors (2048K)
 Metaspace       used 58646K, capacity 60129K, committed 60236K, reserved 1101824K
  class space    used 7402K, capacity 7917K, committed 8012K, reserved 1048576K
}
Event: 19.130 GC heap before
{Heap before GC invocations=12 (full 0):
 garbage-first heap   total 262144K, used 142731K [0x0000000080000000, 0x0000000100000000)
  region size 1024K, 92 young (94208K), 2 survivors (2048K)
 Metaspace       used 66616K, capacity 68188K, committed 68428K, reserved 1107968K
  class space    used 8415K, capacity 8985K, committed 9036K, reserved 1048576K
}
Event: 19.144 GC heap after
{Heap after GC invocations=13 (full 0):
 garbage-first heap   total 262144K, used 56715K [0x0000000080000000, 0x0000000100000000)
  region size 1024K, 8 young (8192K), 8 survivors (8192K)
 Metaspace       used 66616K, capacity 68188K, committed 68428K, reserved 1107968K
  class space    used 8415K, capacity 8985K, committed 9036K, reserved 1048576K
}
Event: 22.008 GC heap before
{Heap before GC invocations=13 (full 0):
 garbage-first heap   total 262144K, used 153995K [0x0000000080000000, 0x0000000100000000)
  region size 1024K, 103 young (105472K), 8 survivors (8192K)
 Metaspace       used 75029K, capacity 76712K, committed 76876K, reserved 1116160K
  class space    used 9671K, capacity 10272K, committed 10316K, reserved 1048576K
}
Event: 22.031 GC heap after
{Heap after GC invocations=14 (full 0):
 garbage-first heap   total 262144K, used 63798K [0x0000000080000000, 0x0000000100000000)
  region size 1024K, 7 young (7168K), 7 survivors (7168K)
 Metaspace       used 75029K, capacity 76712K, committed 76876K, reserved 1116160K
  class space    used 9671K, capacity 10272K, committed 10316K, reserved 1048576K
}
Event: 25.417 GC heap before
{Heap before GC invocations=14 (full 0):
 garbage-first heap   total 262144K, used 163126K [0x0000000080000000, 0x0000000100000000)
  region size 1024K, 104 young (106496K), 7 survivors (7168K)
 Metaspace       used 84658K, capacity 86724K, committed 86988K, reserved 1124352K
  class space    used 10923K, capacity 11690K, committed 11724K, reserved 1048576K
}
Event: 25.443 GC heap after
{Heap after GC invocations=15 (full 0):
 garbage-first heap   total 262144K, used 72679K [0x0000000080000000, 0x0000000100000000)
  region size 1024K, 9 young (9216K), 9 survivors (9216K)
 Metaspace       used 84658K, capacity 86724K, committed 86988K, reserved 1124352K
  class space    used 10923K, capacity 11690K, committed 11724K, reserved 1048576K
}
Event: 27.554 GC heap before
{Heap before GC invocations=15 (full 0):
 garbage-first heap   total 262144K, used 172007K [0x0000000080000000, 0x0000000100000000)
  region size 1024K, 107 young (109568K), 9 survivors (9216K)
 Metaspace       used 85763K, capacity 87845K, committed 88140K, reserved 1126400K
  class space    used 10980K, capacity 11754K, committed 11852K, reserved 1048576K
}
Event: 27.578 GC heap after
{Heap after GC invocations=16 (full 0):
 garbage-first heap   total 262144K, used 79571K [0x0000000080000000, 0x0000000100000000)
  region size 1024K, 7 young (7168K), 7 survivors (7168K)
 Metaspace       used 85763K, capacity 87845K, committed 88140K, reserved 1126400K
  class space    used 10980K, capacity 11754K, committed 11852K, reserved 1048576K
}
Event: 29.868 GC heap before
{Heap before GC invocations=16 (full 0):
 garbage-first heap   total 262144K, used 180947K [0x0000000080000000, 0x0000000100000000)
  region size 1024K, 107 young (109568K), 7 survivors (7168K)
 Metaspace       used 89716K, capacity 91930K, committed 92236K, reserved 1128448K
  class space    used 11486K, capacity 12279K, committed 12364K, reserved 1048576K
}
Event: 29.886 GC heap after
{Heap after GC invocations=17 (full 0):
 garbage-first heap   total 262144K, used 83558K [0x0000000080000000, 0x0000000100000000)
  region size 1024K, 11 young (11264K), 11 survivors (11264K)
 Metaspace       used 89716K, capacity 91930K, committed 92236K, reserved 1128448K
  class space    used 11486K, capacity 12279K, committed 12364K, reserved 1048576K
}

