# JRE version: OpenJDK Runtime Environment (11.0.10) (build 11.0.10+0-b96-7249189)
# Java VM: OpenJDK 64-Bit Server VM (11.0.10+0-b96-7249189, mixed mode, tiered, compressed oops, g1 gc, windows-amd64)
Heap:
 garbage-first heap   total 269312K, used 154112K [0x0000000080000000, 0x0000000100000000)
  region size 1024K, 14 young (14336K), 2 survivors (2048K)
 Metaspace       used 95648K, capacity 97875K, committed 98124K, reserved 1134592K
  class space    used 12440K, capacity 13281K, committed 13388K, reserved 1048576K
GC Heap History (20 events):
Event: 14.395 GC heap before
{Heap before GC invocations=9 (full 0):
 garbage-first heap   total 262144K, used 147103K [0x0000000080000000, 0x0000000100000000)
  region size 1024K, 125 young (128000K), 6 survivors (6144K)
 Metaspace       used 44780K, capacity 45907K, committed 46208K, reserved 1089536K
  class space    used 5760K, capacity 6146K, committed 6272K, reserved 1048576K
}
Event: 14.417 GC heap after
{Heap after GC invocations=10 (full 0):
 garbage-first heap   total 262144K, used 28697K [0x0000000080000000, 0x0000000100000000)
  region size 1024K, 12 young (12288K), 12 survivors (12288K)
 Metaspace       used 44780K, capacity 45907K, committed 46208K, reserved 1089536K
  class space    used 5760K, capacity 6146K, committed 6272K, reserved 1048576K
}
Event: 18.616 GC heap before
{Heap before GC invocations=10 (full 0):
 garbage-first heap   total 262144K, used 168985K [0x0000000080000000, 0x0000000100000000)
  region size 1024K, 141 young (144384K), 12 survivors (12288K)
 Metaspace       used 57338K, capacity 58768K, committed 59008K, reserved 1099776K
  class space    used 7212K, capacity 7717K, committed 7808K, reserved 1048576K
}
Event: 18.647 GC heap after
{Heap after GC invocations=11 (full 0):
 garbage-first heap   total 262144K, used 48795K [0x0000000080000000, 0x0000000100000000)
  region size 1024K, 18 young (18432K), 18 survivors (18432K)
 Metaspace       used 57338K, capacity 58768K, committed 59008K, reserved 1099776K
  class space    used 7212K, capacity 7717K, committed 7808K, reserved 1048576K
}
Event: 19.153 GC heap before
{Heap before GC invocations=11 (full 0):
 garbage-first heap   total 262144K, used 54939K [0x0000000080000000, 0x0000000100000000)
  region size 1024K, 25 young (25600K), 18 survivors (18432K)
 Metaspace       used 58664K, capacity 60132K, committed 60160K, reserved 1101824K
  class space    used 7397K, capacity 7919K, committed 7936K, reserved 1048576K
}
Event: 19.187 GC heap after
{Heap after GC invocations=12 (full 0):
 garbage-first heap   total 262144K, used 51200K [0x0000000080000000, 0x0000000100000000)
  region size 1024K, 2 young (2048K), 2 survivors (2048K)
 Metaspace       used 58664K, capacity 60132K, committed 60160K, reserved 1101824K
  class space    used 7397K, capacity 7919K, committed 7936K, reserved 1048576K
}
Event: 21.893 GC heap before
{Heap before GC invocations=13 (full 0):
 garbage-first heap   total 262144K, used 141312K [0x0000000080000000, 0x0000000100000000)
  region size 1024K, 90 young (92160K), 2 survivors (2048K)
 Metaspace       used 66624K, capacity 68185K, committed 68428K, reserved 1107968K
  class space    used 8413K, capacity 8986K, committed 9036K, reserved 1048576K
}
Event: 21.911 GC heap after
{Heap after GC invocations=14 (full 0):
 garbage-first heap   total 262144K, used 56518K [0x0000000080000000, 0x0000000100000000)
  region size 1024K, 8 young (8192K), 8 survivors (8192K)
 Metaspace       used 66624K, capacity 68185K, committed 68428K, reserved 1107968K
  class space    used 8413K, capacity 8986K, committed 9036K, reserved 1048576K
}
Event: 24.842 GC heap before
{Heap before GC invocations=15 (full 0):
 garbage-first heap   total 262144K, used 153798K [0x0000000080000000, 0x0000000100000000)
  region size 1024K, 103 young (105472K), 8 survivors (8192K)
 Metaspace       used 75433K, capacity 77189K, committed 77260K, reserved 1116160K
  class space    used 9718K, capacity 10398K, committed 10444K, reserved 1048576K
}
Event: 24.870 GC heap after
{Heap after GC invocations=16 (full 0):
 garbage-first heap   total 262144K, used 63368K [0x0000000080000000, 0x0000000100000000)
  region size 1024K, 13 young (13312K), 13 survivors (13312K)
 Metaspace       used 75433K, capacity 77189K, committed 77260K, reserved 1116160K
  class space    used 9718K, capacity 10398K, committed 10444K, reserved 1048576K
}
Event: 28.022 GC heap before
{Heap before GC invocations=16 (full 0):
 garbage-first heap   total 262144K, used 164744K [0x0000000080000000, 0x0000000100000000)
  region size 1024K, 113 young (115712K), 13 survivors (13312K)
 Metaspace       used 84613K, capacity 86666K, committed 86732K, reserved 1124352K
  class space    used 10912K, capacity 11673K, committed 11724K, reserved 1048576K
}
Event: 28.055 GC heap after
{Heap after GC invocations=17 (full 0):
 garbage-first heap   total 262144K, used 71954K [0x0000000080000000, 0x0000000100000000)
  region size 1024K, 15 young (15360K), 15 survivors (15360K)
 Metaspace       used 84613K, capacity 86666K, committed 86732K, reserved 1124352K
  class space    used 10912K, capacity 11673K, committed 11724K, reserved 1048576K
}
Event: 30.532 GC heap before
{Heap before GC invocations=17 (full 0):
 garbage-first heap   total 262144K, used 173330K [0x0000000080000000, 0x0000000100000000)
  region size 1024K, 115 young (117760K), 15 survivors (15360K)
 Metaspace       used 85895K, capacity 87959K, committed 88140K, reserved 1126400K
  class space    used 11002K, capacity 11789K, committed 11852K, reserved 1048576K
}
Event: 30.571 GC heap after
{Heap after GC invocations=18 (full 0):
 garbage-first heap   total 262144K, used 79612K [0x0000000080000000, 0x0000000100000000)
  region size 1024K, 8 young (8192K), 8 survivors (8192K)
 Metaspace       used 85895K, capacity 87959K, committed 88140K, reserved 1126400K
  class space    used 11002K, capacity 11789K, committed 11852K, reserved 1048576K
}
Event: 32.202 GC heap before
{Heap before GC invocations=18 (full 0):
 garbage-first heap   total 262144K, used 182012K [0x0000000080000000, 0x0000000100000000)
  region size 1024K, 109 young (111616K), 8 survivors (8192K)
 Metaspace       used 89772K, capacity 91906K, committed 92236K, reserved 1128448K
  class space    used 11496K, capacity 12267K, committed 12364K, reserved 1048576K
}
Event: 32.220 GC heap after
{Heap after GC invocations=19 (full 0):
 garbage-first heap   total 262144K, used 82989K [0x0000000080000000, 0x0000000100000000)
  region size 1024K, 11 young (11264K), 11 survivors (11264K)
 Metaspace       used 89772K, capacity 91906K, committed 92236K, reserved 1128448K
  class space    used 11496K, capacity 12267K, committed 12364K, reserved 1048576K
}
Event: 34.642 GC heap before
{Heap before GC invocations=19 (full 0):
 garbage-first heap   total 262144K, used 218157K [0x0000000080000000, 0x0000000100000000)
  region size 1024K, 115 young (117760K), 11 survivors (11264K)
 Metaspace       used 95610K, capacity 97867K, committed 98124K, reserved 1134592K
  class space    used 12438K, capacity 13279K, committed 13388K, reserved 1048576K
}
Event: 34.735 GC heap after
{Heap after GC invocations=20 (full 0):
 garbage-first heap   total 269312K, used 141465K [0x0000000080000000, 0x0000000100000000)
  region size 1024K, 15 young (15360K), 15 survivors (15360K)
 Metaspace       used 95610K, capacity 97867K, committed 98124K, reserved 1134592K
  class space    used 12438K, capacity 13279K, committed 13388K, reserved 1048576K
}
Event: 34.809 GC heap before
{Heap before GC invocations=20 (full 0):
 garbage-first heap   total 269312K, used 142489K [0x0000000080000000, 0x0000000100000000)
  region size 1024K, 16 young (16384K), 15 survivors (15360K)
 Metaspace       used 95634K, capacity 97867K, committed 98124K, reserved 1134592K
  class space    used 12438K, capacity 13279K, committed 13388K, reserved 1048576K
}
Event: 34.887 GC heap after
{Heap after GC invocations=21 (full 0):
 garbage-first heap   total 269312K, used 143872K [0x0000000080000000, 0x0000000100000000)
  region size 1024K, 2 young (2048K), 2 survivors (2048K)
 Metaspace       used 95634K, capacity 97867K, committed 98124K, reserved 1134592K
  class space    used 12438K, capacity 13279K, committed 13388K, reserved 1048576K
}

