# JRE version: OpenJDK Runtime Environment (11.0.10) (build 11.0.10+0-b96-7249189)
# Java VM: OpenJDK 64-Bit Server VM (11.0.10+0-b96-7249189, mixed mode, tiered, compressed oops, g1 gc, windows-amd64)
Heap:
 garbage-first heap   total 336896K, used 208598K [0x0000000080000000, 0x0000000100000000)
  region size 1024K, 1 young (1024K), 1 survivors (1024K)
 Metaspace       used 138628K, capacity 141880K, committed 142028K, reserved 1173504K
  class space    used 17042K, capacity 18299K, committed 18380K, reserved 1048576K
GC Heap History (20 events):
Event: 250.998 GC heap after
{Heap after GC invocations=38 (full 0):
 garbage-first heap   total 262144K, used 124647K [0x0000000080000000, 0x0000000100000000)
  region size 1024K, 8 young (8192K), 8 survivors (8192K)
 Metaspace       used 137236K, capacity 140461K, committed 140620K, reserved 1171456K
  class space    used 16890K, capacity 18133K, committed 18252K, reserved 1048576K
}
Event: 252.649 GC heap before
{Heap before GC invocations=39 (full 0):
 garbage-first heap   total 262144K, used 239335K [0x0000000080000000, 0x0000000100000000)
  region size 1024K, 98 young (100352K), 8 survivors (8192K)
 Metaspace       used 138313K, capacity 141575K, committed 141772K, reserved 1173504K
  class space    used 17045K, capacity 18329K, committed 18380K, reserved 1048576K
}
Event: 252.721 GC heap after
{Heap after GC invocations=40 (full 0):
 garbage-first heap   total 280576K, used 170071K [0x0000000080000000, 0x0000000100000000)
  region size 1024K, 13 young (13312K), 13 survivors (13312K)
 Metaspace       used 138313K, capacity 141575K, committed 141772K, reserved 1173504K
  class space    used 17045K, capacity 18329K, committed 18380K, reserved 1048576K
}
Event: 252.742 GC heap before
{Heap before GC invocations=40 (full 0):
 garbage-first heap   total 280576K, used 171095K [0x0000000080000000, 0x0000000100000000)
  region size 1024K, 14 young (14336K), 13 survivors (13312K)
 Metaspace       used 138313K, capacity 141575K, committed 141772K, reserved 1173504K
  class space    used 17045K, capacity 18329K, committed 18380K, reserved 1048576K
}
Event: 252.782 GC heap after
{Heap after GC invocations=41 (full 0):
 garbage-first heap   total 280576K, used 171414K [0x0000000080000000, 0x0000000100000000)
  region size 1024K, 2 young (2048K), 2 survivors (2048K)
 Metaspace       used 138313K, capacity 141575K, committed 141772K, reserved 1173504K
  class space    used 17045K, capacity 18329K, committed 18380K, reserved 1048576K
}
Event: 253.298 GC heap before
{Heap before GC invocations=41 (full 0):
 garbage-first heap   total 280576K, used 223638K [0x0000000080000000, 0x0000000100000000)
  region size 1024K, 54 young (55296K), 2 survivors (2048K)
 Metaspace       used 138336K, capacity 141641K, committed 141772K, reserved 1173504K
  class space    used 17045K, capacity 18329K, committed 18380K, reserved 1048576K
}
Event: 253.344 GC heap after
{Heap after GC invocations=42 (full 0):
 garbage-first heap   total 280576K, used 198144K [0x0000000080000000, 0x0000000100000000)
  region size 1024K, 7 young (7168K), 7 survivors (7168K)
 Metaspace       used 138336K, capacity 141641K, committed 141772K, reserved 1173504K
  class space    used 17045K, capacity 18329K, committed 18380K, reserved 1048576K
}
Event: 254.447 GC heap before
{Heap before GC invocations=43 (full 0):
 garbage-first heap   total 280576K, used 225792K [0x0000000080000000, 0x0000000100000000)
  region size 1024K, 35 young (35840K), 7 survivors (7168K)
 Metaspace       used 138456K, capacity 141706K, committed 142028K, reserved 1173504K
  class space    used 17035K, capacity 18291K, committed 18380K, reserved 1048576K
}
Event: 254.487 GC heap after
{Heap after GC invocations=44 (full 0):
 garbage-first heap   total 280576K, used 207360K [0x0000000080000000, 0x0000000100000000)
  region size 1024K, 5 young (5120K), 5 survivors (5120K)
 Metaspace       used 138456K, capacity 141706K, committed 142028K, reserved 1173504K
  class space    used 17035K, capacity 18291K, committed 18380K, reserved 1048576K
}
Event: 254.601 GC heap before
{Heap before GC invocations=44 (full 0):
 garbage-first heap   total 280576K, used 215552K [0x0000000080000000, 0x0000000100000000)
  region size 1024K, 13 young (13312K), 5 survivors (5120K)
 Metaspace       used 138461K, capacity 141708K, committed 142028K, reserved 1173504K
  class space    used 17035K, capacity 18291K, committed 18380K, reserved 1048576K
}
Event: 254.623 GC heap after
{Heap after GC invocations=45 (full 0):
 garbage-first heap   total 280576K, used 208404K [0x0000000080000000, 0x0000000100000000)
  region size 1024K, 2 young (2048K), 2 survivors (2048K)
 Metaspace       used 138461K, capacity 141708K, committed 142028K, reserved 1173504K
  class space    used 17035K, capacity 18291K, committed 18380K, reserved 1048576K
}
Event: 255.070 GC heap before
{Heap before GC invocations=45 (full 0):
 garbage-first heap   total 280576K, used 231956K [0x0000000080000000, 0x0000000100000000)
  region size 1024K, 25 young (25600K), 2 survivors (2048K)
 Metaspace       used 138542K, capacity 141807K, committed 142028K, reserved 1173504K
  class space    used 17041K, capacity 18299K, committed 18380K, reserved 1048576K
}
Event: 255.079 GC heap after
{Heap after GC invocations=46 (full 0):
 garbage-first heap   total 280576K, used 210692K [0x0000000080000000, 0x0000000100000000)
  region size 1024K, 4 young (4096K), 4 survivors (4096K)
 Metaspace       used 138542K, capacity 141807K, committed 142028K, reserved 1173504K
  class space    used 17041K, capacity 18299K, committed 18380K, reserved 1048576K
}
Event: 255.354 GC heap before
{Heap before GC invocations=46 (full 0):
 garbage-first heap   total 280576K, used 225028K [0x0000000080000000, 0x0000000100000000)
  region size 1024K, 20 young (20480K), 4 survivors (4096K)
 Metaspace       used 138578K, capacity 141876K, committed 142028K, reserved 1173504K
  class space    used 17042K, capacity 18299K, committed 18380K, reserved 1048576K
}
Event: 255.366 GC heap after
{Heap after GC invocations=47 (full 0):
 garbage-first heap   total 280576K, used 212650K [0x0000000080000000, 0x0000000100000000)
  region size 1024K, 3 young (3072K), 3 survivors (3072K)
 Metaspace       used 138578K, capacity 141876K, committed 142028K, reserved 1173504K
  class space    used 17042K, capacity 18299K, committed 18380K, reserved 1048576K
}
Event: 255.993 GC heap before
{Heap before GC invocations=47 (full 0):
 garbage-first heap   total 280576K, used 241322K [0x0000000080000000, 0x0000000100000000)
  region size 1024K, 25 young (25600K), 3 survivors (3072K)
 Metaspace       used 138587K, capacity 141876K, committed 142028K, reserved 1173504K
  class space    used 17042K, capacity 18299K, committed 18380K, reserved 1048576K
}
Event: 256.013 GC heap after
{Heap after GC invocations=48 (full 0):
 garbage-first heap   total 280576K, used 220617K [0x0000000080000000, 0x0000000100000000)
  region size 1024K, 4 young (4096K), 4 survivors (4096K)
 Metaspace       used 138587K, capacity 141876K, committed 142028K, reserved 1173504K
  class space    used 17042K, capacity 18299K, committed 18380K, reserved 1048576K
}
Event: 257.085 GC heap before
{Heap before GC invocations=49 (full 0):
 garbage-first heap   total 280576K, used 233929K [0x0000000080000000, 0x0000000100000000)
  region size 1024K, 23 young (23552K), 4 survivors (4096K)
 Metaspace       used 138628K, capacity 141880K, committed 142028K, reserved 1173504K
  class space    used 17042K, capacity 18299K, committed 18380K, reserved 1048576K
}
Event: 257.114 GC heap after
{Heap after GC invocations=50 (full 0):
 garbage-first heap   total 280576K, used 216626K [0x0000000080000000, 0x0000000100000000)
  region size 1024K, 2 young (2048K), 2 survivors (2048K)
 Metaspace       used 138628K, capacity 141880K, committed 142028K, reserved 1173504K
  class space    used 17042K, capacity 18299K, committed 18380K, reserved 1048576K
}
Event: 257.484 GC heap before
{Heap before GC invocations=50 (full 0):
 garbage-first heap   total 280576K, used 230962K [0x0000000080000000, 0x0000000100000000)
  region size 1024K, 13 young (13312K), 2 survivors (2048K)
 Metaspace       used 138628K, capacity 141880K, committed 142028K, reserved 1173504K
  class space    used 17042K, capacity 18299K, committed 18380K, reserved 1048576K
}

