# JRE version: OpenJDK Runtime Environment (11.0.10) (build 11.0.10+0-b96-7249189)
# Java VM: OpenJDK 64-Bit Server VM (11.0.10+0-b96-7249189, mixed mode, tiered, compressed oops, g1 gc, windows-amd64)
Heap:
 garbage-first heap   total 334848K, used 237389K [0x0000000080000000, 0x0000000100000000)
  region size 1024K, 36 young (36864K), 3 survivors (3072K)
 Metaspace       used 125673K, capacity 128679K, committed 128928K, reserved 1161216K
  class space    used 15459K, capacity 16569K, committed 16664K, reserved 1048576K
GC Heap History (20 events):
Event: 63.430 GC heap before
{Heap before GC invocations=38 (full 0):
 garbage-first heap   total 334848K, used 235844K [0x0000000080000000, 0x0000000100000000)
  region size 1024K, 16 young (16384K), 6 survivors (6144K)
 Metaspace       used 117582K, capacity 120365K, committed 120608K, reserved 1155072K
  class space    used 14666K, capacity 15727K, committed 15768K, reserved 1048576K
}
Event: 63.446 GC heap after
{Heap after GC invocations=39 (full 0):
 garbage-first heap   total 334848K, used 206811K [0x0000000080000000, 0x0000000100000000)
  region size 1024K, 1 young (1024K), 1 survivors (1024K)
 Metaspace       used 117582K, capacity 120365K, committed 120608K, reserved 1155072K
  class space    used 14666K, capacity 15727K, committed 15768K, reserved 1048576K
}
Event: 65.553 GC heap before
{Heap before GC invocations=39 (full 0):
 garbage-first heap   total 334848K, used 267227K [0x0000000080000000, 0x0000000100000000)
  region size 1024K, 61 young (62464K), 1 survivors (1024K)
 Metaspace       used 121126K, capacity 123935K, committed 124192K, reserved 1157120K
  class space    used 15127K, capacity 16204K, committed 16280K, reserved 1048576K
}
Event: 65.565 GC heap after
{Heap after GC invocations=40 (full 0):
 garbage-first heap   total 334848K, used 209954K [0x0000000080000000, 0x0000000100000000)
  region size 1024K, 5 young (5120K), 5 survivors (5120K)
 Metaspace       used 121126K, capacity 123935K, committed 124192K, reserved 1157120K
  class space    used 15127K, capacity 16204K, committed 16280K, reserved 1048576K
}
Event: 385.755 GC heap before
{Heap before GC invocations=40 (full 0):
 garbage-first heap   total 334848K, used 271394K [0x0000000080000000, 0x0000000100000000)
  region size 1024K, 66 young (67584K), 5 survivors (5120K)
 Metaspace       used 125221K, capacity 128215K, committed 128288K, reserved 1161216K
  class space    used 15435K, capacity 16533K, committed 16536K, reserved 1048576K
}
Event: 385.772 GC heap after
{Heap after GC invocations=41 (full 0):
 garbage-first heap   total 334848K, used 215104K [0x0000000080000000, 0x0000000100000000)
  region size 1024K, 9 young (9216K), 9 survivors (9216K)
 Metaspace       used 125221K, capacity 128215K, committed 128288K, reserved 1161216K
  class space    used 15435K, capacity 16533K, committed 16536K, reserved 1048576K
}
Event: 387.306 GC heap before
{Heap before GC invocations=41 (full 0):
 garbage-first heap   total 334848K, used 265280K [0x0000000080000000, 0x0000000100000000)
  region size 1024K, 54 young (55296K), 9 survivors (9216K)
 Metaspace       used 125605K, capacity 128533K, committed 128672K, reserved 1161216K
  class space    used 15458K, capacity 16568K, committed 16664K, reserved 1048576K
}
Event: 387.325 GC heap after
{Heap after GC invocations=42 (full 0):
 garbage-first heap   total 334848K, used 226995K [0x0000000080000000, 0x0000000100000000)
  region size 1024K, 6 young (6144K), 6 survivors (6144K)
 Metaspace       used 125605K, capacity 128533K, committed 128672K, reserved 1161216K
  class space    used 15458K, capacity 16568K, committed 16664K, reserved 1048576K
}
Event: 387.863 GC heap before
{Heap before GC invocations=42 (full 0):
 garbage-first heap   total 334848K, used 229043K [0x0000000080000000, 0x0000000100000000)
  region size 1024K, 56 young (57344K), 6 survivors (6144K)
 Metaspace       used 125615K, capacity 128533K, committed 128672K, reserved 1161216K
  class space    used 15458K, capacity 16568K, committed 16664K, reserved 1048576K
}
Event: 387.901 GC heap after
{Heap after GC invocations=43 (full 0):
 garbage-first heap   total 334848K, used 190088K [0x0000000080000000, 0x0000000100000000)
  region size 1024K, 7 young (7168K), 7 survivors (7168K)
 Metaspace       used 125615K, capacity 128533K, committed 128672K, reserved 1161216K
  class space    used 15458K, capacity 16568K, committed 16664K, reserved 1048576K
}
Event: 388.329 GC heap before
{Heap before GC invocations=44 (full 0):
 garbage-first heap   total 334848K, used 252552K [0x0000000080000000, 0x0000000100000000)
  region size 1024K, 69 young (70656K), 7 survivors (7168K)
 Metaspace       used 125638K, capacity 128667K, committed 128928K, reserved 1161216K
  class space    used 15459K, capacity 16569K, committed 16664K, reserved 1048576K
}
Event: 388.409 GC heap after
{Heap after GC invocations=45 (full 0):
 garbage-first heap   total 334848K, used 222720K [0x0000000080000000, 0x0000000100000000)
  region size 1024K, 9 young (9216K), 9 survivors (9216K)
 Metaspace       used 125638K, capacity 128667K, committed 128928K, reserved 1161216K
  class space    used 15459K, capacity 16569K, committed 16664K, reserved 1048576K
}
Event: 388.426 GC heap before
{Heap before GC invocations=45 (full 0):
 garbage-first heap   total 334848K, used 229888K [0x0000000080000000, 0x0000000100000000)
  region size 1024K, 16 young (16384K), 9 survivors (9216K)
 Metaspace       used 125638K, capacity 128667K, committed 128928K, reserved 1161216K
  class space    used 15459K, capacity 16569K, committed 16664K, reserved 1048576K
}
Event: 388.460 GC heap after
{Heap after GC invocations=46 (full 0):
 garbage-first heap   total 334848K, used 194560K [0x0000000080000000, 0x0000000100000000)
  region size 1024K, 2 young (2048K), 2 survivors (2048K)
 Metaspace       used 125638K, capacity 128667K, committed 128928K, reserved 1161216K
  class space    used 15459K, capacity 16569K, committed 16664K, reserved 1048576K
}
Event: 388.542 GC heap before
{Heap before GC invocations=46 (full 0):
 garbage-first heap   total 334848K, used 207872K [0x0000000080000000, 0x0000000100000000)
  region size 1024K, 16 young (16384K), 2 survivors (2048K)
 Metaspace       used 125638K, capacity 128667K, committed 128928K, reserved 1161216K
  class space    used 15459K, capacity 16569K, committed 16664K, reserved 1048576K
}
Event: 388.566 GC heap after
{Heap after GC invocations=47 (full 0):
 garbage-first heap   total 334848K, used 195072K [0x0000000080000000, 0x0000000100000000)
  region size 1024K, 2 young (2048K), 2 survivors (2048K)
 Metaspace       used 125638K, capacity 128667K, committed 128928K, reserved 1161216K
  class space    used 15459K, capacity 16569K, committed 16664K, reserved 1048576K
}
Event: 389.329 GC heap before
{Heap before GC invocations=47 (full 0):
 garbage-first heap   total 334848K, used 248320K [0x0000000080000000, 0x0000000100000000)
  region size 1024K, 55 young (56320K), 2 survivors (2048K)
 Metaspace       used 125658K, capacity 128671K, committed 128928K, reserved 1161216K
  class space    used 15459K, capacity 16569K, committed 16664K, reserved 1048576K
}
Event: 389.350 GC heap after
{Heap after GC invocations=48 (full 0):
 garbage-first heap   total 334848K, used 202209K [0x0000000080000000, 0x0000000100000000)
  region size 1024K, 7 young (7168K), 7 survivors (7168K)
 Metaspace       used 125658K, capacity 128671K, committed 128928K, reserved 1161216K
  class space    used 15459K, capacity 16569K, committed 16664K, reserved 1048576K
}
Event: 389.463 GC heap before
{Heap before GC invocations=48 (full 0):
 garbage-first heap   total 334848K, used 215521K [0x0000000080000000, 0x0000000100000000)
  region size 1024K, 21 young (21504K), 7 survivors (7168K)
 Metaspace       used 125662K, capacity 128671K, committed 128928K, reserved 1161216K
  class space    used 15459K, capacity 16569K, committed 16664K, reserved 1048576K
}
Event: 389.488 GC heap after
{Heap after GC invocations=49 (full 0):
 garbage-first heap   total 334848K, used 204621K [0x0000000080000000, 0x0000000100000000)
  region size 1024K, 3 young (3072K), 3 survivors (3072K)
 Metaspace       used 125662K, capacity 128671K, committed 128928K, reserved 1161216K
  class space    used 15459K, capacity 16569K, committed 16664K, reserved 1048576K
}

